current directory: /Users/tle/src/hanami/hanami.github.io/vendor/bundle/ruby/2.3.0/gems/redcarpet-3.2.2/ext/redcarpet
/Users/tle/.rbenv/versions/2.3.0/bin/ruby -r ./siteconf20160131-66656-19bqnmd.rb extconf.rb
creating Makefile

current directory: /Users/tle/src/hanami/hanami.github.io/vendor/bundle/ruby/2.3.0/gems/redcarpet-3.2.2/ext/redcarpet
make "DESTDIR=" clean

current directory: /Users/tle/src/hanami/hanami.github.io/vendor/bundle/ruby/2.3.0/gems/redcarpet-3.2.2/ext/redcarpet
make "DESTDIR="
compiling autolink.c
compiling buffer.c
compiling houdini_href_e.c
compiling houdini_html_e.c
compiling html.c
html.c:290:57: warning: passing 'const struct buf *' to parameter of type 'struct buf *' discards qualifiers [-Wincompatible-pointer-types-discards-qualifiers]
                bufprintf(ob, "<h%d id=\"%s\">", level, header_anchor(text));
                                                                      ^~~~
html.c:268:33: note: passing argument to parameter 'text' here
char *header_anchor(struct buf *text)
                                ^
html.c:638:51: warning: passing 'const struct buf *' to parameter of type 'struct buf *' discards qualifiers [-Wincompatible-pointer-types-discards-qualifiers]
                bufprintf(ob, "<a href=\"#%s\">", header_anchor(text));
                                                                ^~~~
html.c:268:33: note: passing argument to parameter 'text' here
char *header_anchor(struct buf *text)
                                ^
2 warnings generated.
compiling html_smartypants.c
compiling markdown.c
compiling rc_markdown.c
compiling rc_render.c
compiling stack.c
linking shared-object redcarpet.bundle

current directory: /Users/tle/src/hanami/hanami.github.io/vendor/bundle/ruby/2.3.0/gems/redcarpet-3.2.2/ext/redcarpet
make "DESTDIR=" install
/usr/local/bin/ginstall -c -m 0755 redcarpet.bundle ./.gem.20160131-66656-1rulw2m
