current directory: /Users/tle/src/hanami/hanami.github.io/vendor/bundle/ruby/2.3.0/gems/redcarpet-3.3.4/ext/redcarpet
/Users/tle/.rbenv/versions/2.3.0/bin/ruby -r ./siteconf20160201-74182-ps3qux.rb extconf.rb
creating Makefile

current directory: /Users/tle/src/hanami/hanami.github.io/vendor/bundle/ruby/2.3.0/gems/redcarpet-3.3.4/ext/redcarpet
make "DESTDIR=" clean

current directory: /Users/tle/src/hanami/hanami.github.io/vendor/bundle/ruby/2.3.0/gems/redcarpet-3.3.4/ext/redcarpet
make "DESTDIR="
compiling autolink.c
compiling buffer.c
buffer.c:111:45: warning: passing 'const struct buf *' to parameter of type 'struct buf *' discards qualifiers [-Wincompatible-pointer-types-discards-qualifiers]
        if (buf->size + 1 <= buf->asize || bufgrow(buf, buf->size + 1) == BUF_OK) {
                                                   ^~~
buffer.c:60:21: note: passing argument to parameter 'buf' here
bufgrow(struct buf *buf, size_t neosz)
                    ^
1 warning generated.
compiling houdini_href_e.c
compiling houdini_html_e.c
compiling html.c
compiling html_smartypants.c
compiling markdown.c
markdown.c:2838:43: warning: passing 'const uint8_t *' (aka 'const unsigned char *') to parameter of type 'uint8_t *' (aka 'unsigned char *') discards qualifiers [-Wincompatible-pointer-types-discards-qualifiers]
                if (codefences_enabled && (is_codefence(document + beg, doc_size - beg, NULL) != 0))
                                                        ^~~~~~~~~~~~~~
markdown.c:1391:23: note: passing argument to parameter 'data' here
is_codefence(uint8_t *data, size_t size, struct buf *syntax)
                      ^
1 warning generated.
compiling rc_markdown.c
compiling rc_render.c
compiling stack.c
linking shared-object redcarpet.bundle

current directory: /Users/tle/src/hanami/hanami.github.io/vendor/bundle/ruby/2.3.0/gems/redcarpet-3.3.4/ext/redcarpet
make "DESTDIR=" install
/usr/local/bin/ginstall -c -m 0755 redcarpet.bundle ./.gem.20160201-74182-rm12wd
